<?xml version="1.0" encoding="UTF-8"?>
<!-- Generated by org.testng.reporters.JUnitReportReporter -->
<testsuite hostname="147dda8202cd.ant.amazon.com" failures="0" tests="1" name="apiTest.testApi" time="2.149" errors="0" timestamp="2021-05-15T10:50:32 IST" skipped="0">
  <testcase classname="apiTest.testApi" name="Validate404ForUsers" time="2.149"/>
  <system-out/>
</testsuite> <!-- apiTest.testApi -->
