<?xml version="1.0" encoding="UTF-8"?>
<!-- Generated by org.testng.reporters.JUnitReportReporter -->
<testsuite hostname="147dda8202cd.ant.amazon.com" failures="0" tests="1" name="apiAutomationeleven.test" time="2.627" errors="0" timestamp="2021-05-08T17:04:12 IST" skipped="0">
  <testcase classname="apiAutomationeleven.test" name="verifyGetBody" time="2.627"/>
  <system-out/>
</testsuite> <!-- apiAutomationeleven.test -->
