<?xml version="1.0" encoding="UTF-8"?>
<!-- Generated by org.testng.reporters.JUnitReportReporter -->
<testsuite hostname="147dda8202cd.ant.amazon.com" failures="0" tests="2" name="apiTest.testApi" time="2.164" errors="0" timestamp="09 May 2021 15:44:59 GMT" skipped="0">
  <testcase classname="apiTest.testApi" name="Validate404ForUsers" time="1.352"/>
  <testcase classname="apiTest.testApi" name="putmethodpojo" time="0.812"/>
</testsuite> <!-- apiTest.testApi -->
